<?xml version="1.0" encoding="UTF-8"?>
<!-- Generated by org.testng.reporters.JUnitReportReporter -->
<testsuite hostname="TRIVEDISERVER2" name="cooperTestScenarios.CooperNewAccRegTestCasesClass" tests="8" failures="0" timestamp="9 Jan 2019 05:33:59 GMT" time="113.107" errors="0">
  <testcase name="fnValidateNewUserEmailInput" time="16.250" classname="cooperTestScenarios.CooperNewAccRegTestCasesClass"/>
  <testcase name="fnValidateNewUserVerifyButton" time="15.526" classname="cooperTestScenarios.CooperNewAccRegTestCasesClass"/>
  <testcase name="fnValidateNewUserNotesText" time="15.693" classname="cooperTestScenarios.CooperNewAccRegTestCasesClass"/>
  <testcase name="fnValidateEmersonLogoDisplay" time="10.688" classname="cooperTestScenarios.CooperNewAccRegTestCasesClass"/>
  <testcase name="fnValidateNewUserPageTest" time="15.108" classname="cooperTestScenarios.CooperNewAccRegTestCasesClass"/>
  <testcase name="fnValidateCooperAtkinsLogoDisplay" time="10.430" classname="cooperTestScenarios.CooperNewAccRegTestCasesClass"/>
  <testcase name="fnValidateNewUserNotesLabel" time="13.730" classname="cooperTestScenarios.CooperNewAccRegTestCasesClass"/>
  <testcase name="fnValidateNewUserAdditionalSetUp" time="15.682" classname="cooperTestScenarios.CooperNewAccRegTestCasesClass"/>
</testsuite> <!-- cooperTestScenarios.CooperNewAccRegTestCasesClass -->
