<?xml version="1.0" encoding="UTF-8"?>
<!-- Generated by org.testng.reporters.JUnitReportReporter -->
<testsuite hostname="TRIVEDISERVER2" name="cooperTestScenarios.CooperLoginScreenTestCasesClass" tests="1" failures="0" timestamp="18 Jan 2019 02:59:39 GMT" time="20.131" errors="0">
  <testcase name="fnValidateLoginScreenTest" time="20.131" classname="cooperTestScenarios.CooperLoginScreenTestCasesClass"/>
</testsuite> <!-- cooperTestScenarios.CooperLoginScreenTestCasesClass -->
