<?xml version="1.0" encoding="UTF-8"?>
<!-- Generated by org.testng.reporters.JUnitReportReporter -->
<testsuite hostname="L008091" name="cooperTestScenarios.CooperLoginTestCasesClass" tests="3" failures="0" timestamp="18 Nov 2018 14:54:45 GMT" time="49.346" errors="0">
  <testcase name="loginTest" time="12.489" classname="cooperTestScenarios.CooperLoginTestCasesClass"/>
  <testcase name="logoutTest" time="21.768" classname="cooperTestScenarios.CooperLoginTestCasesClass"/>
  <testcase name="invalidLoginTest" time="15.089" classname="cooperTestScenarios.CooperLoginTestCasesClass"/>
</testsuite> <!-- cooperTestScenarios.CooperLoginTestCasesClass -->
