<?xml version="1.0" encoding="UTF-8"?>
<!-- Generated by org.testng.reporters.JUnitReportReporter -->
<testsuite hostname="TRIVEDISERVER2" name="cooperTestScenarios.CooperForgotPasswordTestCasesClass" tests="6" failures="0" timestamp="9 Jan 2019 05:33:59 GMT" time="64.339" errors="0">
  <testcase name="fnValidateForgotPwdEmailTxtBx" time="10.938" classname="cooperTestScenarios.CooperForgotPasswordTestCasesClass"/>
  <testcase name="fnValidateForgotPWDCancelButton" time="10.926" classname="cooperTestScenarios.CooperForgotPasswordTestCasesClass"/>
  <testcase name="fnValidateForgotPassEmersonLogo" time="10.501" classname="cooperTestScenarios.CooperForgotPasswordTestCasesClass"/>
  <testcase name="fnValidateSendPasswordButton" time="10.853" classname="cooperTestScenarios.CooperForgotPasswordTestCasesClass"/>
  <testcase name="fnValidateForgotPassCooperAtkinsLogo" time="10.752" classname="cooperTestScenarios.CooperForgotPasswordTestCasesClass"/>
  <testcase name="fnValidateForgotPasswordPageTest" time="10.369" classname="cooperTestScenarios.CooperForgotPasswordTestCasesClass"/>
</testsuite> <!-- cooperTestScenarios.CooperForgotPasswordTestCasesClass -->
