<?xml version="1.0" encoding="UTF-8"?>
<!-- Generated by org.testng.reporters.JUnitReportReporter -->
<testsuite hostname="L008091" name="cooperTestScenarios.CooperDashboardTestCasesClass" tests="1" failures="0" timestamp="18 Nov 2018 13:45:49 GMT" time="17.279" errors="0">
  <testcase name="cooperLogoTest" time="17.279" classname="cooperTestScenarios.CooperDashboardTestCasesClass"/>
</testsuite> <!-- cooperTestScenarios.CooperDashboardTestCasesClass -->
