<?xml version="1.0" encoding="UTF-8"?>
<!-- Generated by org.testng.reporters.JUnitReportReporter -->
<testsuite hostname="TRIVEDISERVER2" name="cooperTestScenarios.CooperNotifeyePageTestCasesClass" tests="39" failures="0" timestamp="9 Jan 2019 05:33:59 GMT" time="592.814" errors="0">
  <testcase name="fnValidateDevMgmtSensorRBPage" time="18.563" classname="cooperTestScenarios.CooperNotifeyePageTestCasesClass"/>
  <testcase name="fnValidateDevMgmtRemoveButton" time="12.502" classname="cooperTestScenarios.CooperNotifeyePageTestCasesClass"/>
  <testcase name="fnValidateDeviceMgmtScaleTH" time="18.763" classname="cooperTestScenarios.CooperNotifeyePageTestCasesClass"/>
  <testcase name="fnValidateDeviceMgmtButton" time="12.363" classname="cooperTestScenarios.CooperNotifeyePageTestCasesClass"/>
  <testcase name="fnValidateHomeLinkInNotifeye" time="16.866" classname="cooperTestScenarios.CooperNotifeyePageTestCasesClass"/>
  <testcase name="fnValidateDevMgmtPlusImg" time="12.387" classname="cooperTestScenarios.CooperNotifeyePageTestCasesClass"/>
  <testcase name="fnValidateDevMgmtHistoryImage" time="12.106" classname="cooperTestScenarios.CooperNotifeyePageTestCasesClass"/>
  <testcase name="fnValidateDevMgmtEditImage" time="17.111" classname="cooperTestScenarios.CooperNotifeyePageTestCasesClass"/>
  <testcase name="fnValidateFilterByTypeDropDown" time="16.980" classname="cooperTestScenarios.CooperNotifeyePageTestCasesClass"/>
  <testcase name="fnValidateHomeLogoInNotifeye" time="16.106" classname="cooperTestScenarios.CooperNotifeyePageTestCasesClass"/>
  <testcase name="fnValidateDevMgmtResetButtonClick" time="14.712" classname="cooperTestScenarios.CooperNotifeyePageTestCasesClass"/>
  <testcase name="fnValidateDevMgmtMoveButton" time="11.930" classname="cooperTestScenarios.CooperNotifeyePageTestCasesClass"/>
  <testcase name="fnValidateGatewaysButton" time="13.207" classname="cooperTestScenarios.CooperNotifeyePageTestCasesClass"/>
  <testcase name="fnValidateDeviceMgmtSensorNameTH" time="14.371" classname="cooperTestScenarios.CooperNotifeyePageTestCasesClass"/>
  <testcase name="fnValidateDeviceMgmtPageTest" time="18.376" classname="cooperTestScenarios.CooperNotifeyePageTestCasesClass"/>
  <testcase name="fnValidateSensorsButton" time="12.107" classname="cooperTestScenarios.CooperNotifeyePageTestCasesClass"/>
  <testcase name="fnValidateDevMgmtEditButton" time="13.204" classname="cooperTestScenarios.CooperNotifeyePageTestCasesClass"/>
  <testcase name="fnUserNameAccountLink" time="16.097" classname="cooperTestScenarios.CooperNotifeyePageTestCasesClass"/>
  <testcase name="fnValCorporateLblDispOnNotifeyeHome" time="17.179" classname="cooperTestScenarios.CooperNotifeyePageTestCasesClass"/>
  <testcase name="fnValidateDevMgmtAddButton" time="12.553" classname="cooperTestScenarios.CooperNotifeyePageTestCasesClass"/>
  <testcase name="fnValidateCompareSensorsButton" time="17.535" classname="cooperTestScenarios.CooperNotifeyePageTestCasesClass"/>
  <testcase name="fnValCorporateBtnDispOnNotifeyeHome" time="14.867" classname="cooperTestScenarios.CooperNotifeyePageTestCasesClass"/>
  <testcase name="fnValidateSensorsLabel" time="17.334" classname="cooperTestScenarios.CooperNotifeyePageTestCasesClass"/>
  <testcase name="fnValidateDevMgmtResetButton" time="12.430" classname="cooperTestScenarios.CooperNotifeyePageTestCasesClass"/>
  <testcase name="fnValidateFilterByStatusDropDown" time="17.765" classname="cooperTestScenarios.CooperNotifeyePageTestCasesClass"/>
  <testcase name="fnValidateDevMgmtArrowsAltImage" time="12.705" classname="cooperTestScenarios.CooperNotifeyePageTestCasesClass"/>
  <testcase name="fnValidateHACCPLink" time="16.057" classname="cooperTestScenarios.CooperNotifeyePageTestCasesClass"/>
  <testcase name="fnValidateDeviceMgmtSensorRB" time="12.538" classname="cooperTestScenarios.CooperNotifeyePageTestCasesClass"/>
  <testcase name="fnValidateDeviceMgmtMinMaxTH" time="13.785" classname="cooperTestScenarios.CooperNotifeyePageTestCasesClass"/>
  <testcase name="fnValidateDevMgmtTrashImage" time="17.562" classname="cooperTestScenarios.CooperNotifeyePageTestCasesClass"/>
  <testcase name="fnValidateNotifeyePageTest" time="17.538" classname="cooperTestScenarios.CooperNotifeyePageTestCasesClass"/>
  <testcase name="fnValidateGatewaysLabel" time="17.159" classname="cooperTestScenarios.CooperNotifeyePageTestCasesClass"/>
  <testcase name="fnValidateDevMgmtEditSensorPage" time="13.989" classname="cooperTestScenarios.CooperNotifeyePageTestCasesClass"/>
  <testcase name="fnValidateFilterBySensorNameTxtBx" time="17.479" classname="cooperTestScenarios.CooperNotifeyePageTestCasesClass"/>
  <testcase name="fnValidateDeviceMgmtSensorIdTH" time="14.090" classname="cooperTestScenarios.CooperNotifeyePageTestCasesClass"/>
  <testcase name="fnValidateDeviceMgmtGatewayRB" time="16.963" classname="cooperTestScenarios.CooperNotifeyePageTestCasesClass"/>
  <testcase name="fnValidateDeviceMgmtLoggingIntervalTH" time="14.107" classname="cooperTestScenarios.CooperNotifeyePageTestCasesClass"/>
  <testcase name="fnValidateDeviceMgmtAllSensorsSelBx" time="14.264" classname="cooperTestScenarios.CooperNotifeyePageTestCasesClass"/>
  <testcase name="fnValidateHomeLanguageDrpDwn" time="17.164" classname="cooperTestScenarios.CooperNotifeyePageTestCasesClass"/>
</testsuite> <!-- cooperTestScenarios.CooperNotifeyePageTestCasesClass -->
