<?xml version="1.0" encoding="UTF-8"?>
<!-- Generated by org.testng.reporters.JUnitReportReporter -->
<testsuite hostname="L008091" name="cooperTestScenarios.CooperTestScenariosClass" tests="1" failures="0" timestamp="16 Nov 2018 18:58:26 GMT" time="16.520" errors="0">
  <testcase name="loginTest" time="16.520" classname="cooperTestScenarios.CooperTestScenariosClass"/>
</testsuite> <!-- cooperTestScenarios.CooperTestScenariosClass -->
